<?xml version="1.0" encoding="UTF-8"?>
<!-- Generated by org.testng.reporters.JUnitReportReporter -->
<testsuite hostname="DESKTOP-BRBGK39" failures="0" tests="1" name="com.vandvtechsolution.inetbanking.TestCases.LoginTC001" time="27.887" errors="0" timestamp="2022-04-25T17:13:36 IST" skipped="0">
  <testcase classname="com.vandvtechsolution.inetbanking.TestCases.LoginTC001" name="loginTC" time="27.887"/>
  <system-out/>
</testsuite> <!-- com.vandvtechsolution.inetbanking.TestCases.LoginTC001 -->
