<?xml version="1.0" encoding="UTF-8"?>
<!-- Generated by org.testng.reporters.JUnitReportReporter -->
<testsuite hostname="DESKTOP-BRBGK39" failures="0" tests="1" name="com.vandvtechsolution.inetbanking.TestCases.LoginTC" time="0.121" errors="0" timestamp="2022-04-12T17:42:19 IST" skipped="0">
  <testcase classname="com.vandvtechsolution.inetbanking.TestCases.LoginTC" name="loginTC" time="0.121"/>
  <system-out/>
</testsuite> <!-- com.vandvtechsolution.inetbanking.TestCases.LoginTC -->
