<?xml version="1.0" encoding="UTF-8"?>
<!-- Generated by org.testng.reporters.JUnitReportReporter -->
<testsuite hostname="DESKTOP-BRBGK39" failures="0" tests="1" name="com.vandvtechsolution.inetbanking.TestCases.NewCustumerTC001" time="31.183" errors="0" timestamp="2022-04-20T20:41:12 IST" skipped="0">
  <testcase classname="com.vandvtechsolution.inetbanking.TestCases.NewCustumerTC001" name="loginTC" time="31.183"/>
  <system-out/>
</testsuite> <!-- com.vandvtechsolution.inetbanking.TestCases.NewCustumerTC001 -->
