<?xml version="1.0" encoding="UTF-8"?>
<!-- Generated by org.testng.reporters.JUnitReportReporter -->
<testsuite hostname="DESKTOP-BRBGK39" failures="0" tests="4" name="com.vandvtechsolution.inetbanking.TestCases.HomeTC001" time="4.351" errors="0" timestamp="2022-04-13T19:48:46 IST" skipped="2">
  <testcase classname="com.vandvtechsolution.inetbanking.TestCases.HomeTC001" name="loginTC" time="2.996"/>
  <system-out/>
  <testcase classname="com.vandvtechsolution.inetbanking.TestCases.HomeTC001" name="NavigateToLogoutPage" time="1.355"/>
  <system-out/>
  <testcase classname="com.vandvtechsolution.inetbanking.TestCases.HomeTC001" name="NavigateToDeleteCustomerPage">
    <skipped/>
  </testcase> <!-- NavigateToDeleteCustomerPage -->
  <system-out/>
  <testcase classname="com.vandvtechsolution.inetbanking.TestCases.HomeTC001" name="NavigateToNewCustomerPage">
    <skipped/>
  </testcase> <!-- NavigateToNewCustomerPage -->
  <system-out/>
</testsuite> <!-- com.vandvtechsolution.inetbanking.TestCases.HomeTC001 -->
