<?xml version="1.0" encoding="UTF-8"?>
<!-- Generated by org.testng.reporters.JUnitReportReporter -->
<testsuite hostname="DESKTOP-BRBGK39" failures="0" tests="4" name="com.vandvtechsolution.inetbanking.TestCases.LoginTC002" time="65.288" errors="0" timestamp="2022-04-17T21:04:56 IST" skipped="0">
  <testcase classname="com.vandvtechsolution.inetbanking.TestCases.LoginTC002" name="LoginTC" time="14.744"/>
  <system-out/>
  <testcase classname="com.vandvtechsolution.inetbanking.TestCases.LoginTC002" name="LoginTC" time="16.543"/>
  <system-out/>
  <testcase classname="com.vandvtechsolution.inetbanking.TestCases.LoginTC002" name="LoginTC" time="15.664"/>
  <system-out/>
  <testcase classname="com.vandvtechsolution.inetbanking.TestCases.LoginTC002" name="LoginTC" time="18.337"/>
  <system-out/>
</testsuite> <!-- com.vandvtechsolution.inetbanking.TestCases.LoginTC002 -->
