<?xml version="1.0" encoding="UTF-8"?>
<!-- Generated by org.testng.reporters.JUnitReportReporter -->
<testsuite hostname="DESKTOP-BRBGK39" failures="0" tests="1" name="com.vandvtechsolution.inetbanking.TestCases.LoginTC001" time="4.123" errors="0" timestamp="2022-04-12T22:06:20 IST" skipped="0">
  <testcase classname="com.vandvtechsolution.inetbanking.TestCases.LoginTC001" name="loginTC" time="4.123"/>
  <system-out/>
</testsuite> <!-- com.vandvtechsolution.inetbanking.TestCases.LoginTC001 -->
